<?xml version="1.0" encoding="UTF-8"?>
<!-- Generated by org.testng.reporters.JUnitXMLReporter -->
<testsuite hostname="RACD-002157" name="Test" tests="3" failures="0" timestamp="12 Jul 2019 12:13:59 GMT" time="15.006" errors="0">
  <testcase name="testUserLoginFunctionality" time="8.701" classname="com.investaSolutions.tests.LoginTest"/>
  <testcase name="testPortfolioModelManagementTest" time="1.196" classname="com.investaSolutions.tests.VerifyPortfolioModelManagementTest"/>
  <testcase name="testPortfolioModelApprovalTest" time="3.08" classname="com.investaSolutions.tests.VerifyPortfolioModelApprovalTest"/>
</testsuite> <!-- Test -->
